<?xml version="1.0" encoding="UTF-8"?>
<!-- Generated by org.testng.reporters.JUnitXMLReporter -->
<testsuite hostname="bmdvrohitjai" name="Test" tests="100" failures="0" timestamp="11 Sep 2017 07:16:57 GMT" time="33.29" errors="0">
  <testcase name="rtbsapubApiTest" time="2.34" classname="com.serviceTest.LoginTest"/>
  <testcase name="rtbsapubApiTest" time="0.517" classname="com.serviceTest.LoginTest"/>
  <testcase name="rtbsapubApiTest" time="0.297" classname="com.serviceTest.LoginTest"/>
  <testcase name="rtbsapubApiTest" time="0.355" classname="com.serviceTest.LoginTest"/>
  <testcase name="rtbsapubApiTest" time="0.286" classname="com.serviceTest.LoginTest"/>
  <testcase name="rtbsapubApiTest" time="0.327" classname="com.serviceTest.LoginTest"/>
  <testcase name="rtbsapubApiTest" time="0.278" classname="com.serviceTest.LoginTest"/>
  <testcase name="rtbsapubApiTest" time="0.284" classname="com.serviceTest.LoginTest"/>
  <testcase name="rtbsapubApiTest" time="0.348" classname="com.serviceTest.LoginTest"/>
  <testcase name="rtbsapubApiTest" time="0.276" classname="com.serviceTest.LoginTest"/>
  <testcase name="rtbsapubApiTest" time="0.287" classname="com.serviceTest.LoginTest"/>
  <testcase name="rtbsapubApiTest" time="0.282" classname="com.serviceTest.LoginTest"/>
  <testcase name="rtbsapubApiTest" time="0.289" classname="com.serviceTest.LoginTest"/>
  <testcase name="rtbsapubApiTest" time="0.277" classname="com.serviceTest.LoginTest"/>
  <testcase name="rtbsapubApiTest" time="0.328" classname="com.serviceTest.LoginTest"/>
  <testcase name="rtbsapubApiTest" time="0.515" classname="com.serviceTest.LoginTest"/>
  <testcase name="rtbsapubApiTest" time="0.277" classname="com.serviceTest.LoginTest"/>
  <testcase name="rtbsapubApiTest" time="0.331" classname="com.serviceTest.LoginTest"/>
  <testcase name="rtbsapubApiTest" time="0.281" classname="com.serviceTest.LoginTest"/>
  <testcase name="rtbsapubApiTest" time="0.276" classname="com.serviceTest.LoginTest"/>
  <testcase name="rtbsapubApiTest" time="0.363" classname="com.serviceTest.LoginTest"/>
  <testcase name="rtbsapubApiTest" time="0.276" classname="com.serviceTest.LoginTest"/>
  <testcase name="rtbsapubApiTest" time="0.335" classname="com.serviceTest.LoginTest"/>
  <testcase name="rtbsapubApiTest" time="0.272" classname="com.serviceTest.LoginTest"/>
  <testcase name="rtbsapubApiTest" time="0.345" classname="com.serviceTest.LoginTest"/>
  <testcase name="rtbsapubApiTest" time="0.28" classname="com.serviceTest.LoginTest"/>
  <testcase name="rtbsapubApiTest" time="0.348" classname="com.serviceTest.LoginTest"/>
  <testcase name="rtbsapubApiTest" time="0.386" classname="com.serviceTest.LoginTest"/>
  <testcase name="rtbsapubApiTest" time="0.275" classname="com.serviceTest.LoginTest"/>
  <testcase name="rtbsapubApiTest" time="0.343" classname="com.serviceTest.LoginTest"/>
  <testcase name="rtbsapubApiTest" time="0.27" classname="com.serviceTest.LoginTest"/>
  <testcase name="rtbsapubApiTest" time="0.338" classname="com.serviceTest.LoginTest"/>
  <testcase name="rtbsapubApiTest" time="0.273" classname="com.serviceTest.LoginTest"/>
  <testcase name="rtbsapubApiTest" time="0.271" classname="com.serviceTest.LoginTest"/>
  <testcase name="rtbsapubApiTest" time="0.375" classname="com.serviceTest.LoginTest"/>
  <testcase name="rtbsapubApiTest" time="0.272" classname="com.serviceTest.LoginTest"/>
  <testcase name="rtbsapubApiTest" time="0.342" classname="com.serviceTest.LoginTest"/>
  <testcase name="rtbsapubApiTest" time="0.275" classname="com.serviceTest.LoginTest"/>
  <testcase name="rtbsapubApiTest" time="0.338" classname="com.serviceTest.LoginTest"/>
  <testcase name="rtbsapubApiTest" time="0.272" classname="com.serviceTest.LoginTest"/>
  <testcase name="rtbsapubApiTest" time="0.338" classname="com.serviceTest.LoginTest"/>
  <testcase name="rtbsapubApiTest" time="0.273" classname="com.serviceTest.LoginTest"/>
  <testcase name="rtbsapubApiTest" time="0.341" classname="com.serviceTest.LoginTest"/>
  <testcase name="rtbsapubApiTest" time="0.296" classname="com.serviceTest.LoginTest"/>
  <testcase name="rtbsapubApiTest" time="0.316" classname="com.serviceTest.LoginTest"/>
  <testcase name="rtbsapubApiTest" time="0.272" classname="com.serviceTest.LoginTest"/>
  <testcase name="rtbsapubApiTest" time="0.343" classname="com.serviceTest.LoginTest"/>
  <testcase name="rtbsapubApiTest" time="0.272" classname="com.serviceTest.LoginTest"/>
  <testcase name="rtbsapubApiTest" time="0.338" classname="com.serviceTest.LoginTest"/>
  <testcase name="rtbsapubApiTest" time="0.267" classname="com.serviceTest.LoginTest"/>
  <testcase name="rtbsapubApiTest" time="0.348" classname="com.serviceTest.LoginTest"/>
  <testcase name="rtbsapubApiTest" time="0.273" classname="com.serviceTest.LoginTest"/>
  <testcase name="rtbsapubApiTest" time="0.34" classname="com.serviceTest.LoginTest"/>
  <testcase name="rtbsapubApiTest" time="0.27" classname="com.serviceTest.LoginTest"/>
  <testcase name="rtbsapubApiTest" time="0.343" classname="com.serviceTest.LoginTest"/>
  <testcase name="rtbsapubApiTest" time="0.27" classname="com.serviceTest.LoginTest"/>
  <testcase name="rtbsapubApiTest" time="0.344" classname="com.serviceTest.LoginTest"/>
  <testcase name="rtbsapubApiTest" time="0.284" classname="com.serviceTest.LoginTest"/>
  <testcase name="rtbsapubApiTest" time="0.328" classname="com.serviceTest.LoginTest"/>
  <testcase name="rtbsapubApiTest" time="0.271" classname="com.serviceTest.LoginTest"/>
  <testcase name="rtbsapubApiTest" time="0.28" classname="com.serviceTest.LoginTest"/>
  <testcase name="rtbsapubApiTest" time="0.27" classname="com.serviceTest.LoginTest"/>
  <testcase name="rtbsapubApiTest" time="0.309" classname="com.serviceTest.LoginTest"/>
  <testcase name="rtbsapubApiTest" time="0.275" classname="com.serviceTest.LoginTest"/>
  <testcase name="rtbsapubApiTest" time="0.272" classname="com.serviceTest.LoginTest"/>
  <testcase name="rtbsapubApiTest" time="0.37" classname="com.serviceTest.LoginTest"/>
  <testcase name="rtbsapubApiTest" time="0.265" classname="com.serviceTest.LoginTest"/>
  <testcase name="rtbsapubApiTest" time="0.346" classname="com.serviceTest.LoginTest"/>
  <testcase name="rtbsapubApiTest" time="0.27" classname="com.serviceTest.LoginTest"/>
  <testcase name="rtbsapubApiTest" time="0.341" classname="com.serviceTest.LoginTest"/>
  <testcase name="rtbsapubApiTest" time="0.265" classname="com.serviceTest.LoginTest"/>
  <testcase name="rtbsapubApiTest" time="0.347" classname="com.serviceTest.LoginTest"/>
  <testcase name="rtbsapubApiTest" time="0.27" classname="com.serviceTest.LoginTest"/>
  <testcase name="rtbsapubApiTest" time="0.345" classname="com.serviceTest.LoginTest"/>
  <testcase name="rtbsapubApiTest" time="0.264" classname="com.serviceTest.LoginTest"/>
  <testcase name="rtbsapubApiTest" time="0.35" classname="com.serviceTest.LoginTest"/>
  <testcase name="rtbsapubApiTest" time="0.272" classname="com.serviceTest.LoginTest"/>
  <testcase name="rtbsapubApiTest" time="0.344" classname="com.serviceTest.LoginTest"/>
  <testcase name="rtbsapubApiTest" time="0.27" classname="com.serviceTest.LoginTest"/>
  <testcase name="rtbsapubApiTest" time="0.342" classname="com.serviceTest.LoginTest"/>
  <testcase name="rtbsapubApiTest" time="0.269" classname="com.serviceTest.LoginTest"/>
  <testcase name="rtbsapubApiTest" time="0.265" classname="com.serviceTest.LoginTest"/>
  <testcase name="rtbsapubApiTest" time="0.283" classname="com.serviceTest.LoginTest"/>
  <testcase name="rtbsapubApiTest" time="0.271" classname="com.serviceTest.LoginTest"/>
  <testcase name="rtbsapubApiTest" time="0.342" classname="com.serviceTest.LoginTest"/>
  <testcase name="rtbsapubApiTest" time="0.269" classname="com.serviceTest.LoginTest"/>
  <testcase name="rtbsapubApiTest" time="0.346" classname="com.serviceTest.LoginTest"/>
  <testcase name="rtbsapubApiTest" time="0.274" classname="com.serviceTest.LoginTest"/>
  <testcase name="rtbsapubApiTest" time="0.336" classname="com.serviceTest.LoginTest"/>
  <testcase name="rtbsapubApiTest" time="0.272" classname="com.serviceTest.LoginTest"/>
  <testcase name="rtbsapubApiTest" time="0.341" classname="com.serviceTest.LoginTest"/>
  <testcase name="rtbsapubApiTest" time="0.266" classname="com.serviceTest.LoginTest"/>
  <testcase name="rtbsapubApiTest" time="0.347" classname="com.serviceTest.LoginTest"/>
  <testcase name="rtbsapubApiTest" time="0.268" classname="com.serviceTest.LoginTest"/>
  <testcase name="rtbsapubApiTest" time="0.343" classname="com.serviceTest.LoginTest"/>
  <testcase name="rtbsapubApiTest" time="0.307" classname="com.serviceTest.LoginTest"/>
  <testcase name="rtbsapubApiTest" time="0.266" classname="com.serviceTest.LoginTest"/>
  <testcase name="rtbsapubApiTest" time="0.347" classname="com.serviceTest.LoginTest"/>
  <testcase name="rtbsapubApiTest" time="0.272" classname="com.serviceTest.LoginTest"/>
  <testcase name="rtbsapubApiTest" time="0.608" classname="com.serviceTest.LoginTest"/>
</testsuite> <!-- Test -->
