<?xml version="1.0" encoding="UTF-8" ?>
<testsuite tests="100" failures="0" name="com.serviceTest.LoginTest" time="30.936" errors="0" skipped="0">
  <properties>
[...]
</properties>
  <testcase classname="com.serviceTest.LoginTest" name="rtbsapubApiTest" time="2.671"/>
  <testcase classname="com.serviceTest.LoginTest" name="rtbsapubApiTest" time="0.331"/>
  <testcase classname="com.serviceTest.LoginTest" name="rtbsapubApiTest" time="0.326"/>
  <testcase classname="com.serviceTest.LoginTest" name="rtbsapubApiTest" time="0.333"/>
  <testcase classname="com.serviceTest.LoginTest" name="rtbsapubApiTest" time="0.292"/>
  <testcase classname="com.serviceTest.LoginTest" name="rtbsapubApiTest" time="0.299"/>
  <testcase classname="com.serviceTest.LoginTest" name="rtbsapubApiTest" time="0.281"/>
  <testcase classname="com.serviceTest.LoginTest" name="rtbsapubApiTest" time="0.295"/>
  <testcase classname="com.serviceTest.LoginTest" name="rtbsapubApiTest" time="0.286"/>
  <testcase classname="com.serviceTest.LoginTest" name="rtbsapubApiTest" time="0.286"/>
  <testcase classname="com.serviceTest.LoginTest" name="rtbsapubApiTest" time="0.308"/>
  <testcase classname="com.serviceTest.LoginTest" name="rtbsapubApiTest" time="0.284"/>
  <testcase classname="com.serviceTest.LoginTest" name="rtbsapubApiTest" time="0.295"/>
  <testcase classname="com.serviceTest.LoginTest" name="rtbsapubApiTest" time="0.301"/>
  <testcase classname="com.serviceTest.LoginTest" name="rtbsapubApiTest" time="0.346"/>
  <testcase classname="com.serviceTest.LoginTest" name="rtbsapubApiTest" time="0.333"/>
  <testcase classname="com.serviceTest.LoginTest" name="rtbsapubApiTest" time="0.288"/>
  <testcase classname="com.serviceTest.LoginTest" name="rtbsapubApiTest" time="0.295"/>
  <testcase classname="com.serviceTest.LoginTest" name="rtbsapubApiTest" time="0.294"/>
  <testcase classname="com.serviceTest.LoginTest" name="rtbsapubApiTest" time="0.286"/>
  <testcase classname="com.serviceTest.LoginTest" name="rtbsapubApiTest" time="0.37"/>
  <testcase classname="com.serviceTest.LoginTest" name="rtbsapubApiTest" time="0.272"/>
  <testcase classname="com.serviceTest.LoginTest" name="rtbsapubApiTest" time="0.276"/>
  <testcase classname="com.serviceTest.LoginTest" name="rtbsapubApiTest" time="0.297"/>
  <testcase classname="com.serviceTest.LoginTest" name="rtbsapubApiTest" time="0.288"/>
  <testcase classname="com.serviceTest.LoginTest" name="rtbsapubApiTest" time="0.272"/>
  <testcase classname="com.serviceTest.LoginTest" name="rtbsapubApiTest" time="0.272"/>
  <testcase classname="com.serviceTest.LoginTest" name="rtbsapubApiTest" time="0.275"/>
  <testcase classname="com.serviceTest.LoginTest" name="rtbsapubApiTest" time="0.326"/>
  <testcase classname="com.serviceTest.LoginTest" name="rtbsapubApiTest" time="0.289"/>
  <testcase classname="com.serviceTest.LoginTest" name="rtbsapubApiTest" time="0.278"/>
  <testcase classname="com.serviceTest.LoginTest" name="rtbsapubApiTest" time="0.275"/>
  <testcase classname="com.serviceTest.LoginTest" name="rtbsapubApiTest" time="0.275"/>
  <testcase classname="com.serviceTest.LoginTest" name="rtbsapubApiTest" time="0.274"/>
  <testcase classname="com.serviceTest.LoginTest" name="rtbsapubApiTest" time="0.279"/>
  <testcase classname="com.serviceTest.LoginTest" name="rtbsapubApiTest" time="0.283"/>
  <testcase classname="com.serviceTest.LoginTest" name="rtbsapubApiTest" time="0.273"/>
  <testcase classname="com.serviceTest.LoginTest" name="rtbsapubApiTest" time="0.27"/>
  <testcase classname="com.serviceTest.LoginTest" name="rtbsapubApiTest" time="0.271"/>
  <testcase classname="com.serviceTest.LoginTest" name="rtbsapubApiTest" time="0.272"/>
  <testcase classname="com.serviceTest.LoginTest" name="rtbsapubApiTest" time="0.274"/>
  <testcase classname="com.serviceTest.LoginTest" name="rtbsapubApiTest" time="0.277"/>
  <testcase classname="com.serviceTest.LoginTest" name="rtbsapubApiTest" time="0.277"/>
  <testcase classname="com.serviceTest.LoginTest" name="rtbsapubApiTest" time="0.283"/>
  <testcase classname="com.serviceTest.LoginTest" name="rtbsapubApiTest" time="0.277"/>
  <testcase classname="com.serviceTest.LoginTest" name="rtbsapubApiTest" time="0.27"/>
  <testcase classname="com.serviceTest.LoginTest" name="rtbsapubApiTest" time="0.269"/>
  <testcase classname="com.serviceTest.LoginTest" name="rtbsapubApiTest" time="0.277"/>
  <testcase classname="com.serviceTest.LoginTest" name="rtbsapubApiTest" time="0.285"/>
  <testcase classname="com.serviceTest.LoginTest" name="rtbsapubApiTest" time="0.277"/>
  <testcase classname="com.serviceTest.LoginTest" name="rtbsapubApiTest" time="0.279"/>
  <testcase classname="com.serviceTest.LoginTest" name="rtbsapubApiTest" time="0.276"/>
  <testcase classname="com.serviceTest.LoginTest" name="rtbsapubApiTest" time="0.274"/>
  <testcase classname="com.serviceTest.LoginTest" name="rtbsapubApiTest" time="0.269"/>
  <testcase classname="com.serviceTest.LoginTest" name="rtbsapubApiTest" time="0.273"/>
  <testcase classname="com.serviceTest.LoginTest" name="rtbsapubApiTest" time="0.274"/>
  <testcase classname="com.serviceTest.LoginTest" name="rtbsapubApiTest" time="0.268"/>
  <testcase classname="com.serviceTest.LoginTest" name="rtbsapubApiTest" time="0.278"/>
  <testcase classname="com.serviceTest.LoginTest" name="rtbsapubApiTest" time="0.269"/>
  <testcase classname="com.serviceTest.LoginTest" name="rtbsapubApiTest" time="0.269"/>
  <testcase classname="com.serviceTest.LoginTest" name="rtbsapubApiTest" time="0.276"/>
  <testcase classname="com.serviceTest.LoginTest" name="rtbsapubApiTest" time="0.269"/>
  <testcase classname="com.serviceTest.LoginTest" name="rtbsapubApiTest" time="0.34"/>
  <testcase classname="com.serviceTest.LoginTest" name="rtbsapubApiTest" time="0.278"/>
  <testcase classname="com.serviceTest.LoginTest" name="rtbsapubApiTest" time="0.278"/>
  <testcase classname="com.serviceTest.LoginTest" name="rtbsapubApiTest" time="0.274"/>
  <testcase classname="com.serviceTest.LoginTest" name="rtbsapubApiTest" time="0.268"/>
  <testcase classname="com.serviceTest.LoginTest" name="rtbsapubApiTest" time="0.267"/>
  <testcase classname="com.serviceTest.LoginTest" name="rtbsapubApiTest" time="0.268"/>
  <testcase classname="com.serviceTest.LoginTest" name="rtbsapubApiTest" time="0.273"/>
  <testcase classname="com.serviceTest.LoginTest" name="rtbsapubApiTest" time="0.298"/>
  <testcase classname="com.serviceTest.LoginTest" name="rtbsapubApiTest" time="0.316"/>
  <testcase classname="com.serviceTest.LoginTest" name="rtbsapubApiTest" time="0.3"/>
  <testcase classname="com.serviceTest.LoginTest" name="rtbsapubApiTest" time="0.268"/>
  <testcase classname="com.serviceTest.LoginTest" name="rtbsapubApiTest" time="0.272"/>
  <testcase classname="com.serviceTest.LoginTest" name="rtbsapubApiTest" time="0.267"/>
  <testcase classname="com.serviceTest.LoginTest" name="rtbsapubApiTest" time="0.269"/>
  <testcase classname="com.serviceTest.LoginTest" name="rtbsapubApiTest" time="0.273"/>
  <testcase classname="com.serviceTest.LoginTest" name="rtbsapubApiTest" time="0.284"/>
  <testcase classname="com.serviceTest.LoginTest" name="rtbsapubApiTest" time="0.284"/>
  <testcase classname="com.serviceTest.LoginTest" name="rtbsapubApiTest" time="0.285"/>
  <testcase classname="com.serviceTest.LoginTest" name="rtbsapubApiTest" time="0.291"/>
  <testcase classname="com.serviceTest.LoginTest" name="rtbsapubApiTest" time="0.275"/>
  <testcase classname="com.serviceTest.LoginTest" name="rtbsapubApiTest" time="0.298"/>
  <testcase classname="com.serviceTest.LoginTest" name="rtbsapubApiTest" time="0.297"/>
  <testcase classname="com.serviceTest.LoginTest" name="rtbsapubApiTest" time="0.34"/>
  <testcase classname="com.serviceTest.LoginTest" name="rtbsapubApiTest" time="0.272"/>
  <testcase classname="com.serviceTest.LoginTest" name="rtbsapubApiTest" time="0.267"/>
  <testcase classname="com.serviceTest.LoginTest" name="rtbsapubApiTest" time="0.268"/>
  <testcase classname="com.serviceTest.LoginTest" name="rtbsapubApiTest" time="0.293"/>
  <testcase classname="com.serviceTest.LoginTest" name="rtbsapubApiTest" time="0.278"/>
  <testcase classname="com.serviceTest.LoginTest" name="rtbsapubApiTest" time="0.288"/>
  <testcase classname="com.serviceTest.LoginTest" name="rtbsapubApiTest" time="0.27"/>
  <testcase classname="com.serviceTest.LoginTest" name="rtbsapubApiTest" time="0.27"/>
  <testcase classname="com.serviceTest.LoginTest" name="rtbsapubApiTest" time="0.282"/>
  <testcase classname="com.serviceTest.LoginTest" name="rtbsapubApiTest" time="0.287"/>
  <testcase classname="com.serviceTest.LoginTest" name="rtbsapubApiTest" time="0.289"/>
  <testcase classname="com.serviceTest.LoginTest" name="rtbsapubApiTest" time="0.282"/>
  <testcase classname="com.serviceTest.LoginTest" name="rtbsapubApiTest" time="0.278"/>
  <testcase classname="com.serviceTest.LoginTest" name="rtbsapubApiTest" time="0.292"/>
</testsuite>